#
# There is insufficient memory for the Java Runtime Environment to continue.
# Native memory allocation (mmap) failed to map 153092096 bytes for committing reserved memory.
# Possible reasons:
#   The system is out of physical RAM or swap space
#   In 32 bit mode, the process size limit was hit
# Possible solutions:
#   Reduce memory load on the system
#   Increase physical memory or swap space
#   Check if swap backing store is full
#   Use 64 bit Java on a 64 bit OS
#   Decrease Java heap size (-Xmx/-Xms)
#   Decrease number of Java threads
#   Decrease Java thread stack sizes (-Xss)
#   Set larger code cache with -XX:ReservedCodeCacheSize=
# This output file may be truncated or incomplete.
#
#  Out of Memory Error (os_linux.cpp:2627), pid=18730, tid=0x00007f74df9f9700
#
# JRE version: Java(TM) SE Runtime Environment (8.0_111-b14) (build 1.8.0_111-b14)
# Java VM: Java HotSpot(TM) 64-Bit Server VM (25.111-b14 mixed mode linux-amd64 compressed oops)
# Failed to write core dump. Core dumps have been disabled. To enable core dumping, try "ulimit -c unlimited" before starting Java again
#

---------------  T H R E A D  ---------------

Current thread (0x00007f74fc077800):  VMThread [stack: 0x00007f74df8f9000,0x00007f74df9fa000] [id=18738]

Stack: [0x00007f74df8f9000,0x00007f74df9fa000],  sp=0x00007f74df9f7fe0,  free space=1019k
Native frames: (J=compiled Java code, j=interpreted, Vv=VM code, C=native code)
V  [libjvm.so+0xac5c2a]  VMError::report_and_die()+0x2ba
V  [libjvm.so+0x4fc50b]  report_vm_out_of_memory(char const*, int, unsigned long, VMErrorType, char const*)+0x8b
V  [libjvm.so+0x922ae3]  os::Linux::commit_memory_impl(char*, unsigned long, bool)+0x103
V  [libjvm.so+0x923039]  os::pd_commit_memory(char*, unsigned long, unsigned long, bool)+0x29
V  [libjvm.so+0x91d33a]  os::commit_memory(char*, unsigned long, unsigned long, bool)+0x2a
V  [libjvm.so+0x991ac3]  PSVirtualSpace::expand_by(unsigned long)+0x53
V  [libjvm.so+0x992ec8]  PSYoungGen::resize_generation(unsigned long, unsigned long)+0xf8
V  [libjvm.so+0x992022]  PSYoungGen::resize(unsigned long, unsigned long)+0x22
V  [libjvm.so+0x98f2fb]  PSScavenge::invoke_no_policy()+0xf3b
V  [libjvm.so+0x98fa81]  PSScavenge::invoke()+0x41
V  [libjvm.so+0x9467d0]  ParallelScavengeHeap::failed_mem_allocate(unsigned long)+0x70
V  [libjvm.so+0xac7647]  VM_ParallelGCFailedAllocation::doit()+0x97
V  [libjvm.so+0xacf125]  VM_Operation::evaluate()+0x55
V  [libjvm.so+0xacd4fa]  VMThread::evaluate_operation(VM_Operation*)+0xba
V  [libjvm.so+0xacd87e]  VMThread::loop()+0x1ce
V  [libjvm.so+0xacdcf0]  VMThread::run()+0x70
V  [libjvm.so+0x924ea8]  java_start(Thread*)+0x108

VM_Operation (0x00007f7504505010): ParallelGCFailedAllocation, mode: safepoint, requested by thread 0x00007f74fc00a000


---------------  P R O C E S S  ---------------

Java Threads: ( => current thread )
  0x00007f74fc57e800 JavaThread "process reaper" daemon [_thread_blocked, id=18759, stack(0x00007f74ec083000,0x00007f74ec0bc000)]
  0x00007f74fc0c0000 JavaThread "Service Thread" daemon [_thread_blocked, id=18745, stack(0x00007f74deb10000,0x00007f74dec11000)]
  0x00007f74fc0bd000 JavaThread "C1 CompilerThread2" daemon [_thread_blocked, id=18744, stack(0x00007f74dec11000,0x00007f74ded12000)]
  0x00007f74fc0bb000 JavaThread "C2 CompilerThread1" daemon [_thread_blocked, id=18743, stack(0x00007f74ded12000,0x00007f74dee13000)]
  0x00007f74fc0b8000 JavaThread "C2 CompilerThread0" daemon [_thread_blocked, id=18742, stack(0x00007f74dee13000,0x00007f74def14000)]
  0x00007f74fc0b7000 JavaThread "Signal Dispatcher" daemon [_thread_blocked, id=18741, stack(0x00007f74def14000,0x00007f74df015000)]
  0x00007f74fc084000 JavaThread "Finalizer" daemon [_thread_blocked, id=18740, stack(0x00007f74df6f7000,0x00007f74df7f8000)]
  0x00007f74fc07f800 JavaThread "Reference Handler" daemon [_thread_blocked, id=18739, stack(0x00007f74df7f8000,0x00007f74df8f9000)]
  0x00007f74fc00a000 JavaThread "main" [_thread_blocked, id=18733, stack(0x00007f7504408000,0x00007f7504509000)]

Other Threads:
=>0x00007f74fc077800 VMThread [stack: 0x00007f74df8f9000,0x00007f74df9fa000] [id=18738]
  0x00007f74fc0c2800 WatcherThread [stack: 0x00007f74dea0f000,0x00007f74deb10000] [id=18746]

VM state:at safepoint (normal execution)

VM Mutex/Monitor currently owned by a thread:  ([mutex/lock_event])
[0x00007f74fc006150] Threads_lock - owner thread: 0x00007f74fc077800
[0x00007f74fc006650] Heap_lock - owner thread: 0x00007f74fc00a000

Heap:
 PSYoungGen      total 132096K, used 5088K [0x00000000d7000000, 0x00000000df600000, 0x0000000100000000)
  eden space 126976K, 0% used [0x00000000d7000000,0x00000000d7000000,0x00000000dec00000)
  from space 5120K, 99% used [0x00000000dec00000,0x00000000df0f8020,0x00000000df100000)
  to   space 5120K, 0% used [0x00000000df100000,0x00000000df100000,0x00000000df600000)
 ParOldGen       total 84992K, used 19090K [0x0000000085000000, 0x000000008a300000, 0x00000000d7000000)
  object space 84992K, 22% used [0x0000000085000000,0x00000000862a4a80,0x000000008a300000)
 Metaspace       used 19701K, capacity 20256K, committed 20480K, reserved 1067008K
  class space    used 2326K, capacity 2478K, committed 2560K, reserved 1048576K

Card table byte_map: [0x00007f7500ddf000,0x00007f75011b8000] byte_map_base: 0x00007f75009b7000

Marking Bits: (ParMarkBitMap*) 0x00007f75038d9220
 Begin Bits: [0x00007f74e4280000, 0x00007f74e6140000)
 End Bits:   [0x00007f74e6140000, 0x00007f74e8000000)

Polling page: 0x00007f7504522000

CodeCache: size=245760Kb used=13463Kb max_used=13475Kb free=232296Kb
 bounds [0x00007f74ed000000, 0x00007f74edd40000, 0x00007f74fc000000]
 total_blobs=3882 nmethods=3513 adapters=281
 compilation: enabled

Compilation events (10 events):
Event: 28.204 Thread 0x00007f74fc0bd000 3610       3       java.io.File::getCanonicalFile (21 bytes)
Event: 28.205 Thread 0x00007f74fc0bd000 nmethod 3610 0x00007f74edd12fd0 code [0x00007f74edd13240, 0x00007f74edd14018]
Event: 28.403 Thread 0x00007f74fc0bd000 3612       3       java.util.jar.JarFile::getManEntry (83 bytes)
Event: 28.404 Thread 0x00007f74fc0bd000 nmethod 3612 0x00007f74edd12110 code [0x00007f74edd12300, 0x00007f74edd12d48]
Event: 28.443 Thread 0x00007f74fc0bd000 3613       3       com.sun.tools.javac.file.FSInfo::isFile (5 bytes)
Event: 28.444 Thread 0x00007f74fc0bd000 nmethod 3613 0x00007f74edd2dad0 code [0x00007f74edd2dc40, 0x00007f74edd2dde8]
Event: 28.450 Thread 0x00007f74fc0bd000 3614       3       java.util.jar.Manifest$FastInputStream::readLine (167 bytes)
Event: 28.452 Thread 0x00007f74fc0bd000 nmethod 3614 0x00007f74edd2ded0 code [0x00007f74edd2e080, 0x00007f74edd2e638]
Event: 28.499 Thread 0x00007f74fc0bb000 3615       4       java.util.jar.Manifest$FastInputStream::readLine (167 bytes)
Event: 28.516 Thread 0x00007f74fc0bb000 nmethod 3615 0x00007f74edd31990 code [0x00007f74edd31b00, 0x00007f74edd31f78]

GC Heap History (9 events):
Event: 8.829 GC heap before
{Heap before GC invocations=1 (full 0):
 PSYoungGen      total 36864K, used 31744K [0x00000000d7000000, 0x00000000d9900000, 0x0000000100000000)
  eden space 31744K, 100% used [0x00000000d7000000,0x00000000d8f00000,0x00000000d8f00000)
  from space 5120K, 0% used [0x00000000d9400000,0x00000000d9400000,0x00000000d9900000)
  to   space 5120K, 0% used [0x00000000d8f00000,0x00000000d8f00000,0x00000000d9400000)
 ParOldGen       total 84992K, used 0K [0x0000000085000000, 0x000000008a300000, 0x00000000d7000000)
  object space 84992K, 0% used [0x0000000085000000,0x0000000085000000,0x000000008a300000)
 Metaspace       used 7584K, capacity 7778K, committed 7936K, reserved 1056768K
  class space    used 952K, capacity 1017K, committed 1024K, reserved 1048576K
Event: 9.561 GC heap after
Heap after GC invocations=1 (full 0):
 PSYoungGen      total 36864K, used 4401K [0x00000000d7000000, 0x00000000db800000, 0x0000000100000000)
  eden space 31744K, 0% used [0x00000000d7000000,0x00000000d7000000,0x00000000d8f00000)
  from space 5120K, 85% used [0x00000000d8f00000,0x00000000d934c5f0,0x00000000d9400000)
  to   space 5120K, 0% used [0x00000000db300000,0x00000000db300000,0x00000000db800000)
 ParOldGen       total 84992K, used 8K [0x0000000085000000, 0x000000008a300000, 0x00000000d7000000)
  object space 84992K, 0% used [0x0000000085000000,0x0000000085002000,0x000000008a300000)
 Metaspace       used 7584K, capacity 7778K, committed 7936K, reserved 1056768K
  class space    used 952K, capacity 1017K, committed 1024K, reserved 1048576K
}
Event: 11.103 GC heap before
{Heap before GC invocations=2 (full 0):
 PSYoungGen      total 36864K, used 36145K [0x00000000d7000000, 0x00000000db800000, 0x0000000100000000)
  eden space 31744K, 100% used [0x00000000d7000000,0x00000000d8f00000,0x00000000d8f00000)
  from space 5120K, 85% used [0x00000000d8f00000,0x00000000d934c5f0,0x00000000d9400000)
  to   space 5120K, 0% used [0x00000000db300000,0x00000000db300000,0x00000000db800000)
 ParOldGen       total 84992K, used 8K [0x0000000085000000, 0x000000008a300000, 0x00000000d7000000)
  object space 84992K, 0% used [0x0000000085000000,0x0000000085002000,0x000000008a300000)
 Metaspace       used 12722K, capacity 13026K, committed 13184K, reserved 1060864K
  class space    used 1566K, capacity 1653K, committed 1664K, reserved 1048576K
Event: 11.115 GC heap after
Heap after GC invocations=2 (full 0):
 PSYoungGen      total 68608K, used 5106K [0x00000000d7000000, 0x00000000db800000, 0x0000000100000000)
  eden space 63488K, 0% used [0x00000000d7000000,0x00000000d7000000,0x00000000dae00000)
  from space 5120K, 99% used [0x00000000db300000,0x00000000db7fc9a0,0x00000000db800000)
  to   space 5120K, 0% used [0x00000000dae00000,0x00000000dae00000,0x00000000db300000)
 ParOldGen       total 84992K, used 1509K [0x0000000085000000, 0x000000008a300000, 0x00000000d7000000)
  object space 84992K, 1% used [0x0000000085000000,0x00000000851795b8,0x000000008a300000)
 Metaspace       used 12722K, capacity 13026K, committed 13184K, reserved 1060864K
  class space    used 1566K, capacity 1653K, committed 1664K, reserved 1048576K
}
Event: 21.030 GC heap before
{Heap before GC invocations=3 (full 0):
 PSYoungGen      total 68608K, used 68594K [0x00000000d7000000, 0x00000000db800000, 0x0000000100000000)
  eden space 63488K, 100% used [0x00000000d7000000,0x00000000dae00000,0x00000000dae00000)
  from space 5120K, 99% used [0x00000000db300000,0x00000000db7fc9a0,0x00000000db800000)
  to   space 5120K, 0% used [0x00000000dae00000,0x00000000dae00000,0x00000000db300000)
 ParOldGen       total 84992K, used 1509K [0x0000000085000000, 0x000000008a300000, 0x00000000d7000000)
  object space 84992K, 1% used [0x0000000085000000,0x00000000851795b8,0x000000008a300000)
 Metaspace       used 13642K, capacity 14006K, committed 14080K, reserved 1060864K
  class space    used 1634K, capacity 1761K, committed 1792K, reserved 1048576K
Event: 21.084 GC heap after
Heap after GC invocations=3 (full 0):
 PSYoungGen      total 68608K, used 5104K [0x00000000d7000000, 0x00000000df600000, 0x0000000100000000)
  eden space 63488K, 0% used [0x00000000d7000000,0x00000000d7000000,0x00000000dae00000)
  from space 5120K, 99% used [0x00000000dae00000,0x00000000db2fc010,0x00000000db300000)
  to   space 5120K, 0% used [0x00000000df100000,0x00000000df100000,0x00000000df600000)
 ParOldGen       total 84992K, used 4350K [0x0000000085000000, 0x000000008a300000, 0x00000000d7000000)
  object space 84992K, 5% used [0x0000000085000000,0x000000008543f8e8,0x000000008a300000)
 Metaspace       used 13642K, capacity 14006K, committed 14080K, reserved 1060864K
  class space    used 1634K, capacity 1761K, committed 1792K, reserved 1048576K
}
Event: 23.516 GC heap before
{Heap before GC invocations=4 (full 0):
 PSYoungGen      total 68608K, used 68592K [0x00000000d7000000, 0x00000000df600000, 0x0000000100000000)
  eden space 63488K, 100% used [0x00000000d7000000,0x00000000dae00000,0x00000000dae00000)
  from space 5120K, 99% used [0x00000000dae00000,0x00000000db2fc010,0x00000000db300000)
  to   space 5120K, 0% used [0x00000000df100000,0x00000000df100000,0x00000000df600000)
 ParOldGen       total 84992K, used 4350K [0x0000000085000000, 0x000000008a300000, 0x00000000d7000000)
  object space 84992K, 5% used [0x0000000085000000,0x000000008543f8e8,0x000000008a300000)
 Metaspace       used 14344K, capacity 14714K, committed 14976K, reserved 1062912K
  class space    used 1702K, capacity 1803K, committed 1920K, reserved 1048576K
Event: 23.530 GC heap after
Heap after GC invocations=4 (full 0):
 PSYoungGen      total 132096K, used 5088K [0x00000000d7000000, 0x00000000df600000, 0x0000000100000000)
  eden space 126976K, 0% used [0x00000000d7000000,0x00000000d7000000,0x00000000dec00000)
  from space 5120K, 99% used [0x00000000df100000,0x00000000df5f8020,0x00000000df600000)
  to   space 5120K, 0% used [0x00000000dec00000,0x00000000dec00000,0x00000000df100000)
 ParOldGen       total 84992K, used 7149K [0x0000000085000000, 0x000000008a300000, 0x00000000d7000000)
  object space 84992K, 8% used [0x0000000085000000,0x00000000856fb6c0,0x000000008a300000)
 Metaspace       used 14344K, capacity 14714K, committed 14976K, reserved 1062912K
  class space    used 1702K, capacity 1803K, committed 1920K, reserved 1048576K
}
Event: 28.680 GC heap before
{Heap before GC invocations=5 (full 0):
 PSYoungGen      total 132096K, used 132064K [0x00000000d7000000, 0x00000000df600000, 0x0000000100000000)
  eden space 126976K, 100% used [0x00000000d7000000,0x00000000dec00000,0x00000000dec00000)
  from space 5120K, 99% used [0x00000000df100000,0x00000000df5f8020,0x00000000df600000)
  to   space 5120K, 0% used [0x00000000dec00000,0x00000000dec00000,0x00000000df100000)
 ParOldGen       total 84992K, used 7149K [0x0000000085000000, 0x000000008a300000, 0x00000000d7000000)
  object space 84992K, 8% used [0x0000000085000000,0x00000000856fb6c0,0x000000008a300000)
 Metaspace       used 19701K, capacity 20256K, committed 20480K, reserved 1067008K
  class space    used 2326K, capacity 2478K, committed 2560K, reserved 1048576K

Deoptimization events (10 events):
Event: 26.413 Thread 0x00007f74fc00a000 Uncommon trap: reason=unstable_if action=reinterpret pc=0x00007f74ed47f8f0 method=java.util.regex.Pattern.has(I)Z @ 6
Event: 26.835 Thread 0x00007f74fc00a000 Uncommon trap: reason=unstable_if action=reinterpret pc=0x00007f74ed5e7730 method=java.nio.charset.CharsetDecoder.decode(Ljava/nio/ByteBuffer;Ljava/nio/CharBuffer;Z)Ljava/nio/charset/CoderResult; @ 1
Event: 26.849 Thread 0x00007f74fc00a000 Uncommon trap: reason=unstable_if action=reinterpret pc=0x00007f74eda25b10 method=java.util.regex.Pattern.sequence(Ljava/util/regex/Pattern$Node;)Ljava/util/regex/Pattern$Node; @ 194
Event: 26.969 Thread 0x00007f74fc00a000 Uncommon trap: reason=unstable_if action=reinterpret pc=0x00007f74ed309860 method=java.lang.CharacterDataLatin1.isWhitespace(I)Z @ 14
Event: 27.519 Thread 0x00007f74fc00a000 Uncommon trap: reason=unstable_if action=reinterpret pc=0x00007f74edcb48dc method=com.sun.tools.javac.util.Position$LineMapImpl.build([CI)V @ 87
Event: 27.519 Thread 0x00007f74fc00a000 Uncommon trap: reason=unstable_if action=reinterpret pc=0x00007f74edcaef98 method=com.sun.tools.javac.util.Position$LineMapImpl.build([CI)V @ 87
Event: 27.612 Thread 0x00007f74fc00a000 Uncommon trap: reason=unstable_if action=reinterpret pc=0x00007f74edcd062c method=com.sun.tools.javac.parser.UnicodeReader.scanCommentChar()V @ 10
Event: 28.172 Thread 0x00007f74fc00a000 Uncommon trap: reason=unstable_if action=reinterpret pc=0x00007f74ed840814 method=java.util.StringTokenizer.setMaxDelimCodePoint()V @ 71
Event: 28.449 Thread 0x00007f74fc00a000 Uncommon trap: reason=unstable_if action=reinterpret pc=0x00007f74edb55384 method=java.util.jar.Manifest$FastInputStream.readLine([BII)I @ 87
Event: 28.644 Thread 0x00007f74fc00a000 Uncommon trap: reason=unstable_if action=reinterpret pc=0x00007f74edd257ac method=java.util.jar.Attributes$Name.isDigit(C)Z @ 3

Internal exceptions (10 events):
Event: 10.717 Thread 0x00007f74fc00a000 Exception <a 'java/lang/NoSuchFieldError': method resolution failed> (0x00000000d8893078) thrown at [/HUDSON3/workspace/8-2-build-linux-amd64/jdk8u111/7883/hotspot/src/share/vm/prims/methodHandles.cpp, line 1146]
Event: 11.482 Thread 0x00007f74fc00a000 Implicit null exception at 0x00007f74ed392435 to 0x00007f74ed392619
Event: 11.482 Thread 0x00007f74fc00a000 Implicit null exception at 0x00007f74ed2dedaf to 0x00007f74ed2dee19
Event: 11.754 Thread 0x00007f74fc00a000 Implicit null exception at 0x00007f74ed527b79 to 0x00007f74ed528559
Event: 22.013 Thread 0x00007f74fc00a000 Exception <a 'java/lang/NoClassDefFoundError': org/slf4j/Logger> (0x00000000d8e8a6a8) thrown at [/HUDSON3/workspace/8-2-build-linux-amd64/jdk8u111/7883/hotspot/src/share/vm/oops/constantPool.cpp, line 235]
Event: 22.964 Thread 0x00007f74fc00a000 Implicit null exception at 0x00007f74ed8d7b56 to 0x00007f74ed8d7c3d
Event: 24.237 Thread 0x00007f74fc00a000 Exception <a 'java/lang/NoClassDefFoundError': org/slf4j/Logger> (0x00000000d9d2e120) thrown at [/HUDSON3/workspace/8-2-build-linux-amd64/jdk8u111/7883/hotspot/src/share/vm/oops/constantPool.cpp, line 235]
Event: 24.438 Thread 0x00007f74fc00a000 Exception <a 'java/lang/NoClassDefFoundError': org/slf4j/Logger> (0x00000000da580ff8) thrown at [/HUDSON3/workspace/8-2-build-linux-amd64/jdk8u111/7883/hotspot/src/share/vm/oops/constantPool.cpp, line 235]
Event: 25.740 Thread 0x00007f74fc00a000 Exception <a 'java/lang/NoClassDefFoundError': org/slf4j/Logger> (0x00000000db90d2a0) thrown at [/HUDSON3/workspace/8-2-build-linux-amd64/jdk8u111/7883/hotspot/src/share/vm/oops/constantPool.cpp, line 235]
Event: 25.973 Thread 0x00007f74fc00a000 Exception <a 'java/lang/ClassNotFoundException': com/sun/tools/javac/api/JavacTool> (0x00000000dc004f80) thrown at [/HUDSON3/workspace/8-2-build-linux-amd64/jdk8u111/7883/hotspot/src/share/vm/classfile/systemDictionary.cpp, line 210]

Events (10 events):
Event: 28.172 Thread 0x00007f74fc00a000 Uncommon trap: trap_request=0xffffff65 fr.pc=0x00007f74ed840814
Event: 28.172 Thread 0x00007f74fc00a000 DEOPT PACKING pc=0x00007f74ed840814 sp=0x00007f7504505610
Event: 28.172 Thread 0x00007f74fc00a000 DEOPT UNPACKING pc=0x00007f74ed005229 sp=0x00007f7504505560 mode 2
Event: 28.449 Thread 0x00007f74fc00a000 Uncommon trap: trap_request=0xffffff65 fr.pc=0x00007f74edb55384
Event: 28.449 Thread 0x00007f74fc00a000 DEOPT PACKING pc=0x00007f74edb55384 sp=0x00007f75045052c0
Event: 28.449 Thread 0x00007f74fc00a000 DEOPT UNPACKING pc=0x00007f74ed005229 sp=0x00007f7504505250 mode 2
Event: 28.644 Thread 0x00007f74fc00a000 Uncommon trap: trap_request=0xffffff65 fr.pc=0x00007f74edd257ac
Event: 28.645 Thread 0x00007f74fc00a000 DEOPT PACKING pc=0x00007f74edd257ac sp=0x00007f7504505270
Event: 28.645 Thread 0x00007f74fc00a000 DEOPT UNPACKING pc=0x00007f74ed005229 sp=0x00007f7504505178 mode 2
Event: 28.680 Executing VM operation: ParallelGCFailedAllocation


Dynamic libraries:
00400000-00401000 r-xp 00000000 08:02 1318581                            /opt/jdk1.8.0_111/bin/java
00600000-00601000 rw-p 00000000 08:02 1318581                            /opt/jdk1.8.0_111/bin/java
0122c000-0124d000 rw-p 00000000 00:00 0                                  [heap]
85000000-8a300000 rw-p 00000000 00:00 0 
8a300000-d7000000 ---p 00000000 00:00 0 
d7000000-df600000 rw-p 00000000 00:00 0 
e8800000-100000000 ---p 00000000 00:00 0 
100000000-100280000 rw-p 00000000 00:00 0 
100280000-140000000 ---p 00000000 00:00 0 
7f74a8000000-7f74a8021000 rw-p 00000000 00:00 0 
7f74a8021000-7f74ac000000 ---p 00000000 00:00 0 
7f74b0000000-7f74b0021000 rw-p 00000000 00:00 0 
7f74b0021000-7f74b4000000 ---p 00000000 00:00 0 
7f74b4000000-7f74b4021000 rw-p 00000000 00:00 0 
7f74b4021000-7f74b8000000 ---p 00000000 00:00 0 
7f74b8000000-7f74b992e000 rw-p 00000000 00:00 0 
7f74b992e000-7f74bc000000 ---p 00000000 00:00 0 
7f74bc000000-7f74bcaa4000 rw-p 00000000 00:00 0 
7f74bcaa4000-7f74c0000000 ---p 00000000 00:00 0 
7f74c0000000-7f74c0021000 rw-p 00000000 00:00 0 
7f74c0021000-7f74c4000000 ---p 00000000 00:00 0 
7f74c4000000-7f74c5ab1000 rw-p 00000000 00:00 0 
7f74c5ab1000-7f74c8000000 ---p 00000000 00:00 0 
7f74c8000000-7f74c8021000 rw-p 00000000 00:00 0 
7f74c8021000-7f74cc000000 ---p 00000000 00:00 0 
7f74cc000000-7f74cc021000 rw-p 00000000 00:00 0 
7f74cc021000-7f74d0000000 ---p 00000000 00:00 0 
7f74d0000000-7f74d0021000 rw-p 00000000 00:00 0 
7f74d0021000-7f74d4000000 ---p 00000000 00:00 0 
7f74d4000000-7f74d4295000 rw-p 00000000 00:00 0 
7f74d4295000-7f74d8000000 ---p 00000000 00:00 0 
7f74d8000000-7f74d8021000 rw-p 00000000 00:00 0 
7f74d8021000-7f74dc000000 ---p 00000000 00:00 0 
7f74ddb6f000-7f74ddcef000 rw-p 00000000 00:00 0 
7f74ddcef000-7f74ddd6f000 ---p 00000000 00:00 0 
7f74ddd6f000-7f74ddf6f000 rw-p 00000000 00:00 0 
7f74ddf6f000-7f74ddfe7000 r--s 010e6000 08:02 1317803                    /opt/jdk1.8.0_111/lib/tools.jar
7f74ddfe7000-7f74de1e7000 rw-p 00000000 00:00 0 
7f74de1e7000-7f74de1f8000 r-xp 00000000 08:02 1451381                    /opt/jdk1.8.0_111/jre/lib/amd64/libnio.so
7f74de1f8000-7f74de3f7000 ---p 00011000 08:02 1451381                    /opt/jdk1.8.0_111/jre/lib/amd64/libnio.so
7f74de3f7000-7f74de3f8000 rw-p 00010000 08:02 1451381                    /opt/jdk1.8.0_111/jre/lib/amd64/libnio.so
7f74de3f8000-7f74de40e000 r-xp 00000000 08:02 1450285                    /opt/jdk1.8.0_111/jre/lib/amd64/libnet.so
7f74de40e000-7f74de60e000 ---p 00016000 08:02 1450285                    /opt/jdk1.8.0_111/jre/lib/amd64/libnet.so
7f74de60e000-7f74de60f000 rw-p 00016000 08:02 1450285                    /opt/jdk1.8.0_111/jre/lib/amd64/libnet.so
7f74de60f000-7f74de80f000 rw-p 00000000 00:00 0 
7f74de80f000-7f74dea0f000 rw-p 00000000 00:00 0 
7f74dea0f000-7f74dea10000 ---p 00000000 00:00 0 
7f74dea10000-7f74deb10000 rw-p 00000000 00:00 0 
7f74deb10000-7f74deb13000 ---p 00000000 00:00 0 
7f74deb13000-7f74dec11000 rw-p 00000000 00:00 0 
7f74dec11000-7f74dec14000 ---p 00000000 00:00 0 
7f74dec14000-7f74ded12000 rw-p 00000000 00:00 0 
7f74ded12000-7f74ded15000 ---p 00000000 00:00 0 
7f74ded15000-7f74dee13000 rw-p 00000000 00:00 0 
7f74dee13000-7f74dee16000 ---p 00000000 00:00 0 
7f74dee16000-7f74def14000 rw-p 00000000 00:00 0 
7f74def14000-7f74def17000 ---p 00000000 00:00 0 
7f74def17000-7f74df015000 rw-p 00000000 00:00 0 
7f74df015000-7f74df6f7000 r--p 00000000 08:02 794599                     /usr/lib/locale/locale-archive
7f74df6f7000-7f74df6fa000 ---p 00000000 00:00 0 
7f74df6fa000-7f74df7f8000 rw-p 00000000 00:00 0 
7f74df7f8000-7f74df7fb000 ---p 00000000 00:00 0 
7f74df7fb000-7f74df8f9000 rw-p 00000000 00:00 0 
7f74df8f9000-7f74df8fa000 ---p 00000000 00:00 0 
7f74df8fa000-7f74e0000000 rw-p 00000000 00:00 0 
7f74e0000000-7f74e0021000 rw-p 00000000 00:00 0 
7f74e0021000-7f74e4000000 ---p 00000000 00:00 0 
7f74e4019000-7f74e401a000 rw-p 00000000 00:00 0 
7f74e401a000-7f74e4058000 r--s 00495000 08:02 2624493                    /home/duc-dev-04/.m2/repository/org/eclipse/persistence/org.eclipse.persistence.core/2.5.2/org.eclipse.persistence.core-2.5.2.jar
7f74e4058000-7f74e405b000 r--s 0001b000 08:02 2753637                    /home/duc-dev-04/.m2/repository/junit/junit/3.8.2/junit-3.8.2.jar
7f74e405b000-7f74e4069000 r--s 0008f000 08:02 2753636                    /home/duc-dev-04/.m2/repository/com/google/collections/google-collections/1.0/google-collections-1.0.jar
7f74e4069000-7f74e406a000 r--s 0000a000 08:02 2753635                    /home/duc-dev-04/.m2/repository/commons-logging/commons-logging-api/1.1/commons-logging-api-1.1.jar
7f74e406a000-7f74e4071000 r--s 00051000 08:02 2624635                    /home/duc-dev-04/.m2/repository/log4j/log4j/1.2.12/log4j-1.2.12.jar
7f74e4071000-7f74e4075000 r--s 0001d000 08:02 2753631                    /home/duc-dev-04/.m2/repository/org/apache/xbean/xbean-reflect/3.4/xbean-reflect-3.4.jar
7f74e4075000-7f74e4076000 r--s 00004000 08:02 2753630                    /home/duc-dev-04/.m2/repository/org/codehaus/plexus/plexus-compiler-javac/2.2/plexus-compiler-javac-2.2.jar
7f74e4076000-7f74e4078000 r--s 00000000 08:02 2753629                    /home/duc-dev-04/.m2/repository/org/codehaus/plexus/plexus-compiler-manager/2.2/plexus-compiler-manager-2.2.jar
7f74e4078000-7f74e407a000 r--s 00005000 08:02 2753622                    /home/duc-dev-04/.m2/repository/org/codehaus/plexus/plexus-compiler-api/2.2/plexus-compiler-api-2.2.jar
7f74e407a000-7f74e407c000 r--s 00002000 08:02 2753625                    /home/duc-dev-04/.m2/repository/org/apache/maven/shared/maven-shared-incremental/1.1/maven-shared-incremental-1.1.jar
7f74e407c000-7f74e407e000 r--s 00006000 08:02 2624633                    /home/duc-dev-04/.m2/repository/com/google/code/findbugs/jsr305/2.0.1/jsr305-2.0.1.jar
7f74e407e000-7f74e8000000 rw-p 00000000 00:00 0 
7f74e8000000-7f74e8021000 rw-p 00000000 00:00 0 
7f74e8021000-7f74ec000000 ---p 00000000 00:00 0 
7f74ec000000-7f74ec003000 r--s 00023000 08:02 2753624                    /home/duc-dev-04/.m2/repository/org/apache/maven/shared/maven-shared-utils/0.1/maven-shared-utils-0.1.jar
7f74ec003000-7f74ec007000 r--s 00030000 08:02 2753623                    /home/duc-dev-04/.m2/repository/org/codehaus/plexus/plexus-utils/1.5.1/plexus-utils-1.5.1.jar
7f74ec007000-7f74ec009000 r--s 00009000 08:02 2622947                    /home/duc-dev-04/.m2/repository/org/apache/maven/plugins/maven-compiler-plugin/3.1/maven-compiler-plugin-3.1.jar
7f74ec009000-7f74ec00b000 r--s 0000d000 08:02 2753499                    /home/duc-dev-04/.m2/repository/org/codehaus/plexus/plexus-interpolation/1.13/plexus-interpolation-1.13.jar
7f74ec00b000-7f74ec00c000 r--s 00001000 08:02 2753500                    /home/duc-dev-04/.m2/repository/org/sonatype/plexus/plexus-build-api/0.0.4/plexus-build-api-0.0.4.jar
7f74ec00c000-7f74ec00e000 r--s 00009000 08:02 2753498                    /home/duc-dev-04/.m2/repository/org/apache/maven/shared/maven-filtering/1.0/maven-filtering-1.0.jar
7f74ec00e000-7f74ec00f000 r--s 00001000 08:02 2493743                    /home/duc-dev-04/.m2/repository/org/apache/maven/doxia/doxia-sink-api/1.0-alpha-7/doxia-sink-api-1.0-alpha-7.jar
7f74ec00f000-7f74ec010000 r--s 00002000 08:02 2229252                    /home/duc-dev-04/.m2/repository/org/apache/maven/reporting/maven-reporting-api/2.0.6/maven-reporting-api-2.0.6.jar
7f74ec010000-7f74ec012000 r--s 00005000 08:02 1999389                    /home/duc-dev-04/.m2/repository/org/apache/maven/plugins/maven-resources-plugin/2.5/maven-resources-plugin-2.5.jar
7f74ec012000-7f74ec020000 r--s 0007f000 08:02 2753460                    /home/duc-dev-04/.m2/repository/commons-collections/commons-collections/3.2.1/commons-collections-3.2.1.jar
7f74ec020000-7f74ec025000 r--s 00041000 08:02 2624621                    /home/duc-dev-04/.m2/repository/commons-lang/commons-lang/2.6/commons-lang-2.6.jar
7f74ec025000-7f74ec027000 r--s 00006000 08:02 2753458                    /home/duc-dev-04/.m2/repository/org/apache/maven/shared/maven-invoker/2.0.11/maven-invoker-2.0.11.jar
7f74ec027000-7f74ec029000 r--s 00006000 08:02 2753454                    /home/duc-dev-04/.m2/repository/org/apache/maven/shared/maven-common-artifact-filters/1.4/maven-common-artifact-filters-1.4.jar
7f74ec029000-7f74ec02b000 r--s 0000c000 08:02 2753452                    /home/duc-dev-04/.m2/repository/org/apache/maven/shared/maven-dependency-tree/2.0/maven-dependency-tree-2.0.jar
7f74ec02b000-7f74ec02d000 r--s 00000000 08:02 2753451                    /home/duc-dev-04/.m2/repository/org/codehaus/plexus/plexus-component-annotations/1.5.5/plexus-component-annotations-1.5.5.jar
7f74ec02d000-7f74ec02e000 r--s 0000a000 08:02 2753450                    /home/duc-dev-04/.m2/repository/asm/asm/3.3.1/asm-3.3.1.jar
7f74ec02e000-7f74ec030000 r--s 00005000 08:02 2753447                    /home/duc-dev-04/.m2/repository/org/apache/maven/shared/maven-dependency-analyzer/1.3/maven-dependency-analyzer-1.3.jar
7f74ec030000-7f74ec033000 r--s 0000c000 08:02 2753446                    /home/duc-dev-04/.m2/repository/org/codehaus/plexus/plexus-io/2.0.6/plexus-io-2.0.6.jar
7f74ec033000-7f74ec036000 r--s 0001b000 08:02 2624507                    /home/duc-dev-04/.m2/repository/junit/junit/3.8.1/junit-3.8.1.jar
7f74ec036000-7f74ec038000 r--s 00008000 08:02 2493740                    /home/duc-dev-04/.m2/repository/org/apache/maven/shared/maven-shared-io/1.1/maven-shared-io-1.1.jar
7f74ec038000-7f74ec03a000 r--s 00008000 08:02 2493739                    /home/duc-dev-04/.m2/repository/org/apache/maven/shared/file-management/1.2.1/file-management-1.2.1.jar
7f74ec03a000-7f74ec03e000 r--s 00035000 08:02 2753445                    /home/duc-dev-04/.m2/repository/org/codehaus/plexus/plexus-utils/3.0.9/plexus-utils-3.0.9.jar
7f74ec03e000-7f74ec043000 r--s 00029000 08:02 2753443                    /home/duc-dev-04/.m2/repository/org/codehaus/plexus/plexus-archiver/2.2/plexus-archiver-2.2.jar
7f74ec043000-7f74ec045000 r--s 00004000 08:02 2493734                    /home/duc-dev-04/.m2/repository/org/apache/maven/doxia/doxia-module-xhtml/1.0/doxia-module-xhtml-1.0.jar
7f74ec045000-7f74ec046000 r--s 00006000 08:02 2493733                    /home/duc-dev-04/.m2/repository/org/apache/maven/doxia/doxia-module-xdoc/1.0/doxia-module-xdoc-1.0.jar
7f74ec046000-7f74ec047000 r--s 00004000 08:02 2493732                    /home/duc-dev-04/.m2/repository/org/apache/maven/doxia/doxia-module-fml/1.0/doxia-module-fml-1.0.jar
7f74ec047000-7f74ec049000 r--s 0000a000 08:02 2493731                    /home/duc-dev-04/.m2/repository/org/apache/maven/doxia/doxia-module-apt/1.0/doxia-module-apt-1.0.jar
7f74ec049000-7f74ec04a000 r--s 0000b000 08:02 2493729                    /home/duc-dev-04/.m2/repository/org/apache/maven/doxia/doxia-decoration-model/1.0/doxia-decoration-model-1.0.jar
7f74ec04a000-7f74ec052000 r--s 00058000 08:02 2753438                    /home/duc-dev-04/.m2/repository/org/apache/velocity/velocity/1.5/velocity-1.5.jar
7f74ec052000-7f74ec053000 r--s 00001000 08:02 2753437                    /home/duc-dev-04/.m2/repository/org/codehaus/plexus/plexus-velocity/1.1.7/plexus-velocity-1.1.7.jar
7f74ec053000-7f74ec054000 r--s 00002000 08:02 2753436                    /home/duc-dev-04/.m2/repository/org/codehaus/plexus/plexus-i18n/1.0-beta-7/plexus-i18n-1.0-beta-7.jar
7f74ec054000-7f74ec056000 r--s 0000a000 08:02 2364037                    /home/duc-dev-04/.m2/repository/org/apache/maven/doxia/doxia-site-renderer/1.0/doxia-site-renderer-1.0.jar
7f74ec056000-7f74ec057000 r--s 00002000 08:02 2364036                    /home/duc-dev-04/.m2/repository/org/apache/maven/doxia/doxia-sink-api/1.0/doxia-sink-api-1.0.jar
7f74ec057000-7f74ec05c000 r--s 00016000 08:02 2624478                    /home/duc-dev-04/.m2/repository/xml-apis/xml-apis/1.0.b2/xml-apis-1.0.b2.jar
7f74ec05c000-7f74ec05e000 r--s 0000e000 08:02 2753434                    /home/duc-dev-04/.m2/repository/oro/oro/2.0.8/oro-2.0.8.jar
7f74ec05e000-7f74ec060000 r--s 00008000 08:02 2624619                    /home/duc-dev-04/.m2/repository/commons-logging/commons-logging/1.0.4/commons-logging-1.0.4.jar
7f74ec060000-7f74ec064000 r--s 00026000 08:02 2753432                    /home/duc-dev-04/.m2/repository/commons-digester/commons-digester/1.6/commons-digester-1.6.jar
7f74ec064000-7f74ec069000 r--s 0002a000 08:02 2624617                    /home/duc-dev-04/.m2/repository/commons-beanutils/commons-beanutils/1.7.0/commons-beanutils-1.7.0.jar
7f74ec069000-7f74ec06c000 r--s 00014000 08:02 2753431                    /home/duc-dev-04/.m2/repository/commons-validator/commons-validator/1.2.0/commons-validator-1.2.0.jar
7f74ec06c000-7f74ec06f000 r--s 00018000 08:02 2493726                    /home/duc-dev-04/.m2/repository/commons-io/commons-io/1.4/commons-io-1.4.jar
7f74ec06f000-7f74ec071000 r--s 00009000 08:02 2493725                    /home/duc-dev-04/.m2/repository/org/apache/maven/shared/maven-doxia-tools/1.0.2/maven-doxia-tools-1.0.2.jar
7f74ec071000-7f74ec074000 r--s 0000b000 08:02 2364032                    /home/duc-dev-04/.m2/repository/org/apache/maven/doxia/doxia-core/1.0/doxia-core-1.0.jar
7f74ec074000-7f74ec076000 r--s 00004000 08:02 2364033                    /home/duc-dev-04/.m2/repository/org/apache/maven/reporting/maven-reporting-impl/2.0.5/maven-reporting-impl-2.0.5.jar
7f74ec076000-7f74ec077000 r--s 00002000 08:02 2229241                    /home/duc-dev-04/.m2/repository/org/apache/maven/reporting/maven-reporting-api/3.0/maven-reporting-api-3.0.jar
7f74ec077000-7f74ec079000 r--s 00002000 08:02 2753428                    /home/duc-dev-04/.m2/repository/org/codehaus/plexus/plexus-interactivity-api/1.0-alpha-4/plexus-interactivity-api-1.0-alpha-4.jar
7f74ec079000-7f74ec07b000 r--s 00006000 08:02 2753427                    /home/duc-dev-04/.m2/repository/commons-cli/commons-cli/1.0/commons-cli-1.0.jar
7f74ec07b000-7f74ec07e000 r--s 00021000 08:02 2623120                    /home/duc-dev-04/.m2/repository/org/apache/maven/plugins/maven-dependency-plugin/2.6/maven-dependency-plugin-2.6.jar
7f74ec07e000-7f74ec082000 r--s 00033000 08:02 2752933                    /home/duc-dev-04/.m2/repository/org/codehaus/plexus/plexus-utils/2.0.5/plexus-utils-2.0.5.jar
7f74ec082000-7f74ec083000 r--s 00005000 08:02 2623171                    /home/duc-dev-04/.m2/repository/org/apache/maven/plugins/maven-clean-plugin/2.4.1/maven-clean-plugin-2.4.1.jar
7f74ec083000-7f74ec086000 ---p 00000000 00:00 0 
7f74ec086000-7f74ec0bc000 rw-p 00000000 00:00 0 
7f74ec0bc000-7f74ec0bd000 r--p 00000000 00:00 0 
7f74ec0bd000-7f74ec0c1000 r--s 00097000 08:02 1318609                    /opt/jdk1.8.0_111/jre/lib/jsse.jar
7f74ec0c1000-7f74ec0c3000 r--s 0000d000 08:02 1582653                    /home/duc-dev-04/netbeans-8.2/java/maven-nblib/netbeans-eventspy.jar
7f74ec0c3000-7f74ec0ca000 r--s 0002b000 08:02 1582604                    /home/duc-dev-04/netbeans-8.2/java/maven/lib/sisu-inject-plexus-2.3.0.jar
7f74ec0ca000-7f74ec0ce000 r--s 00033000 08:02 1582656                    /home/duc-dev-04/netbeans-8.2/java/maven/lib/plexus-utils-2.0.6.jar
7f74ec0ce000-7f74ec0da000 r--s 0007d000 08:02 1582670                    /home/duc-dev-04/netbeans-8.2/java/maven/lib/maven-core-3.0.5.jar
7f74ec0da000-7f74ec0f9000 r--s 00154000 08:02 1582671                    /home/duc-dev-04/netbeans-8.2/java/maven/lib/sisu-guava-0.9.9.jar
7f74ec0f9000-7f74ed000000 rw-p 00000000 00:00 0 
7f74ed000000-7f74edd40000 rwxp 00000000 00:00 0 
7f74edd40000-7f74fc000000 ---p 00000000 00:00 0 
7f74fc000000-7f74fd1dd000 rw-p 00000000 00:00 0 
7f74fd1dd000-7f7500000000 ---p 00000000 00:00 0 
7f7500000000-7f7500002000 r--s 00000000 08:02 1582314                    /home/duc-dev-04/netbeans-8.2/java/maven/lib/plexus-component-annotations-1.5.5.jar
7f7500002000-7f7500003000 r--s 00002000 08:02 1582631                    /home/duc-dev-04/netbeans-8.2/java/maven/lib/wagon-http-shared-2.10.jar
7f7500003000-7f7500006000 r--s 0001d000 08:02 1582657                    /home/duc-dev-04/netbeans-8.2/java/maven/lib/aether-impl-1.13.1.jar
7f7500006000-7f750000a000 r--s 00021000 08:02 1582583                    /home/duc-dev-04/netbeans-8.2/java/maven/lib/maven-model-builder-3.0.5.jar
7f750000a000-7f7500010000 r--s 0003f000 08:02 1582659                    /home/duc-dev-04/netbeans-8.2/java/maven/lib/maven-compat-3.0.5.jar
7f7500010000-7f7500017000 r--s 0003f000 08:02 1582630                    /home/duc-dev-04/netbeans-8.2/java/maven/lib/sisu-inject-bean-2.3.0.jar
7f7500017000-7f7500019000 r--s 0000b000 08:02 1582643                    /home/duc-dev-04/netbeans-8.2/java/maven/lib/maven-artifact-3.0.5.jar
7f7500019000-7f750001b000 r--s 0000d000 08:02 1582585                    /home/duc-dev-04/netbeans-8.2/java/maven/lib/plexus-interpolation-1.14.jar
7f750001b000-7f750004a000 r--s 001c8000 08:02 1582628                    /home/duc-dev-04/netbeans-8.2/java/maven/lib/wagon-http-2.10-shaded.jar
7f750004a000-7f750004b000 r--s 00003000 08:02 1582665                    /home/duc-dev-04/netbeans-8.2/java/maven/lib/aether-spi-1.13.1.jar
7f750004b000-7f750004d000 r--s 00006000 08:02 1582501                    /home/duc-dev-04/netbeans-8.2/java/maven/lib/aether-connector-wagon-1.13.1.jar
7f750004d000-7f750004e000 r--s 00002000 08:02 1582673                    /home/duc-dev-04/netbeans-8.2/java/maven/lib/wagon-file-2.10.jar
7f750004e000-7f7500050000 r--s 00006000 08:02 1582435                    /home/duc-dev-04/netbeans-8.2/java/maven/lib/maven-repository-metadata-3.0.5.jar
7f7500050000-7f7500052000 r--s 0000a000 08:02 1582645                    /home/duc-dev-04/netbeans-8.2/java/maven/lib/maven-settings-3.0.5.jar
7f7500052000-7f7500125000 rw-p 00000000 00:00 0 
7f7500125000-7f75002fd000 r--s 03d2a000 08:02 1318628                    /opt/jdk1.8.0_111/jre/lib/rt.jar
7f75002fd000-7f750074b000 rw-p 00000000 00:00 0 
7f750074b000-7f750074c000 ---p 00000000 00:00 0 
7f750074c000-7f750084c000 rw-p 00000000 00:00 0 
7f750084c000-7f750084d000 ---p 00000000 00:00 0 
7f750084d000-7f750094d000 rw-p 00000000 00:00 0 
7f750094d000-7f750094e000 ---p 00000000 00:00 0 
7f750094e000-7f7500a4e000 rw-p 00000000 00:00 0 
7f7500a4e000-7f7500a4f000 ---p 00000000 00:00 0 
7f7500a4f000-7f7500b79000 rw-p 00000000 00:00 0 
7f7500b79000-7f7500ddf000 ---p 00000000 00:00 0 
7f7500ddf000-7f7500e09000 rw-p 00000000 00:00 0 
7f7500e09000-7f750106f000 ---p 00000000 00:00 0 
7f750106f000-7f75010b2000 rw-p 00000000 00:00 0 
7f75010b2000-7f75011b7000 ---p 00000000 00:00 0 
7f75011b7000-7f75011ed000 rw-p 00000000 00:00 0 
7f75011ed000-7f7501578000 ---p 00000000 00:00 0 
7f7501578000-7f7501592000 r-xp 00000000 08:02 1451379                    /opt/jdk1.8.0_111/jre/lib/amd64/libzip.so
7f7501592000-7f7501792000 ---p 0001a000 08:02 1451379                    /opt/jdk1.8.0_111/jre/lib/amd64/libzip.so
7f7501792000-7f7501793000 rw-p 0001a000 08:02 1451379                    /opt/jdk1.8.0_111/jre/lib/amd64/libzip.so
7f7501793000-7f750179d000 r-xp 00000000 08:02 1190873                    /lib/x86_64-linux-gnu/libnss_files-2.19.so
7f750179d000-7f750199c000 ---p 0000a000 08:02 1190873                    /lib/x86_64-linux-gnu/libnss_files-2.19.so
7f750199c000-7f750199d000 r--p 00009000 08:02 1190873                    /lib/x86_64-linux-gnu/libnss_files-2.19.so
7f750199d000-7f750199e000 rw-p 0000a000 08:02 1190873                    /lib/x86_64-linux-gnu/libnss_files-2.19.so
7f750199e000-7f75019a9000 r-xp 00000000 08:02 1190865                    /lib/x86_64-linux-gnu/libnss_nis-2.19.so
7f75019a9000-7f7501ba8000 ---p 0000b000 08:02 1190865                    /lib/x86_64-linux-gnu/libnss_nis-2.19.so
7f7501ba8000-7f7501ba9000 r--p 0000a000 08:02 1190865                    /lib/x86_64-linux-gnu/libnss_nis-2.19.so
7f7501ba9000-7f7501baa000 rw-p 0000b000 08:02 1190865                    /lib/x86_64-linux-gnu/libnss_nis-2.19.so
7f7501baa000-7f7501bc1000 r-xp 00000000 08:02 1190861                    /lib/x86_64-linux-gnu/libnsl-2.19.so
7f7501bc1000-7f7501dc0000 ---p 00017000 08:02 1190861                    /lib/x86_64-linux-gnu/libnsl-2.19.so
7f7501dc0000-7f7501dc1000 r--p 00016000 08:02 1190861                    /lib/x86_64-linux-gnu/libnsl-2.19.so
7f7501dc1000-7f7501dc2000 rw-p 00017000 08:02 1190861                    /lib/x86_64-linux-gnu/libnsl-2.19.so
7f7501dc2000-7f7501dc4000 rw-p 00000000 00:00 0 
7f7501dc4000-7f7501dcd000 r-xp 00000000 08:02 1190860                    /lib/x86_64-linux-gnu/libnss_compat-2.19.so
7f7501dcd000-7f7501fcc000 ---p 00009000 08:02 1190860                    /lib/x86_64-linux-gnu/libnss_compat-2.19.so
7f7501fcc000-7f7501fcd000 r--p 00008000 08:02 1190860                    /lib/x86_64-linux-gnu/libnss_compat-2.19.so
7f7501fcd000-7f7501fce000 rw-p 00009000 08:02 1190860                    /lib/x86_64-linux-gnu/libnss_compat-2.19.so
7f7501fce000-7f7501ff9000 r-xp 00000000 08:02 1457054                    /opt/jdk1.8.0_111/jre/lib/amd64/libjava.so
7f7501ff9000-7f75021f8000 ---p 0002b000 08:02 1457054                    /opt/jdk1.8.0_111/jre/lib/amd64/libjava.so
7f75021f8000-7f75021fa000 rw-p 0002a000 08:02 1457054                    /opt/jdk1.8.0_111/jre/lib/amd64/libjava.so
7f75021fa000-7f7502207000 r-xp 00000000 08:02 1450386                    /opt/jdk1.8.0_111/jre/lib/amd64/libverify.so
7f7502207000-7f7502406000 ---p 0000d000 08:02 1450386                    /opt/jdk1.8.0_111/jre/lib/amd64/libverify.so
7f7502406000-7f7502408000 rw-p 0000c000 08:02 1450386                    /opt/jdk1.8.0_111/jre/lib/amd64/libverify.so
7f7502408000-7f750240f000 r-xp 00000000 08:02 1190869                    /lib/x86_64-linux-gnu/librt-2.19.so
7f750240f000-7f750260e000 ---p 00007000 08:02 1190869                    /lib/x86_64-linux-gnu/librt-2.19.so
7f750260e000-7f750260f000 r--p 00006000 08:02 1190869                    /lib/x86_64-linux-gnu/librt-2.19.so
7f750260f000-7f7502610000 rw-p 00007000 08:02 1190869                    /lib/x86_64-linux-gnu/librt-2.19.so
7f7502610000-7f7502715000 r-xp 00000000 08:02 1190855                    /lib/x86_64-linux-gnu/libm-2.19.so
7f7502715000-7f7502914000 ---p 00105000 08:02 1190855                    /lib/x86_64-linux-gnu/libm-2.19.so
7f7502914000-7f7502915000 r--p 00104000 08:02 1190855                    /lib/x86_64-linux-gnu/libm-2.19.so
7f7502915000-7f7502916000 rw-p 00105000 08:02 1190855                    /lib/x86_64-linux-gnu/libm-2.19.so
7f7502916000-7f75035e3000 r-xp 00000000 08:02 1457058                    /opt/jdk1.8.0_111/jre/lib/amd64/server/libjvm.so
7f75035e3000-7f75037e2000 ---p 00ccd000 08:02 1457058                    /opt/jdk1.8.0_111/jre/lib/amd64/server/libjvm.so
7f75037e2000-7f75038bb000 rw-p 00ccc000 08:02 1457058                    /opt/jdk1.8.0_111/jre/lib/amd64/server/libjvm.so
7f75038bb000-7f7503906000 rw-p 00000000 00:00 0 
7f7503906000-7f7503ac0000 r-xp 00000000 08:02 1190870                    /lib/x86_64-linux-gnu/libc-2.19.so
7f7503ac0000-7f7503cc0000 ---p 001ba000 08:02 1190870                    /lib/x86_64-linux-gnu/libc-2.19.so
7f7503cc0000-7f7503cc4000 r--p 001ba000 08:02 1190870                    /lib/x86_64-linux-gnu/libc-2.19.so
7f7503cc4000-7f7503cc6000 rw-p 001be000 08:02 1190870                    /lib/x86_64-linux-gnu/libc-2.19.so
7f7503cc6000-7f7503ccb000 rw-p 00000000 00:00 0 
7f7503ccb000-7f7503cce000 r-xp 00000000 08:02 1190857                    /lib/x86_64-linux-gnu/libdl-2.19.so
7f7503cce000-7f7503ecd000 ---p 00003000 08:02 1190857                    /lib/x86_64-linux-gnu/libdl-2.19.so
7f7503ecd000-7f7503ece000 r--p 00002000 08:02 1190857                    /lib/x86_64-linux-gnu/libdl-2.19.so
7f7503ece000-7f7503ecf000 rw-p 00003000 08:02 1190857                    /lib/x86_64-linux-gnu/libdl-2.19.so
7f7503ecf000-7f7503ee4000 r-xp 00000000 08:02 1317800                    /opt/jdk1.8.0_111/lib/amd64/jli/libjli.so
7f7503ee4000-7f75040e4000 ---p 00015000 08:02 1317800                    /opt/jdk1.8.0_111/lib/amd64/jli/libjli.so
7f75040e4000-7f75040e5000 rw-p 00015000 08:02 1317800                    /opt/jdk1.8.0_111/lib/amd64/jli/libjli.so
7f75040e5000-7f75040fe000 r-xp 00000000 08:02 1190862                    /lib/x86_64-linux-gnu/libpthread-2.19.so
7f75040fe000-7f75042fd000 ---p 00019000 08:02 1190862                    /lib/x86_64-linux-gnu/libpthread-2.19.so
7f75042fd000-7f75042fe000 r--p 00018000 08:02 1190862                    /lib/x86_64-linux-gnu/libpthread-2.19.so
7f75042fe000-7f75042ff000 rw-p 00019000 08:02 1190862                    /lib/x86_64-linux-gnu/libpthread-2.19.so
7f75042ff000-7f7504303000 rw-p 00000000 00:00 0 
7f7504303000-7f7504326000 r-xp 00000000 08:02 1190863                    /lib/x86_64-linux-gnu/ld-2.19.so
7f7504326000-7f7504329000 r--s 00008000 08:02 1582530                    /home/duc-dev-04/netbeans-8.2/java/maven/lib/maven-settings-builder-3.0.5.jar
7f7504329000-7f7504331000 r--s 00050000 08:02 1582615                    /home/duc-dev-04/netbeans-8.2/java/maven/lib/sisu-guice-3.1.0-no_aop.jar
7f7504331000-7f7504332000 r--s 00006000 08:02 1582584                    /home/duc-dev-04/netbeans-8.2/java/maven/lib/plexus-sec-dispatcher-1.3.jar
7f7504332000-7f7504334000 r--s 00026000 08:02 1582662                    /home/duc-dev-04/netbeans-8.2/java/maven/lib/maven-model-3.0.5.jar
7f7504334000-7f7504336000 r--s 0000c000 08:02 1582548                    /home/duc-dev-04/netbeans-8.2/java/maven/lib/maven-aether-provider-3.0.5.jar
7f7504336000-7f750433a000 r--s 00013000 08:02 1582664                    /home/duc-dev-04/netbeans-8.2/java/maven/lib/aether-api-1.13.1.jar
7f750433a000-7f750433c000 r--s 0000b000 08:02 1582616                    /home/duc-dev-04/netbeans-8.2/java/maven/lib/wagon-provider-api-2.10.jar
7f750433c000-7f750433d000 r--s 0000a000 08:02 1582644                    /home/duc-dev-04/netbeans-8.2/java/maven/lib/maven-embedder-3.0.5.jar
7f750433d000-7f7504408000 rw-p 00000000 00:00 0 
7f7504408000-7f750440b000 ---p 00000000 00:00 0 
7f750440b000-7f750450d000 rw-p 00000000 00:00 0 
7f750450d000-7f750450f000 r--s 00009000 08:02 1582674                    /home/duc-dev-04/netbeans-8.2/java/maven/lib/commons-cli-1.2.jar
7f750450f000-7f7504511000 r--s 0000b000 08:02 1582629                    /home/duc-dev-04/netbeans-8.2/java/maven/lib/maven-plugin-api-3.0.5.jar
7f7504511000-7f7504513000 r--s 00002000 08:02 1582663                    /home/duc-dev-04/netbeans-8.2/java/maven/lib/plexus-cipher-1.7.jar
7f7504513000-7f7504517000 r--s 0001c000 08:02 1582658                    /home/duc-dev-04/netbeans-8.2/java/maven/lib/aether-util-1.13.1.jar
7f7504517000-7f7504519000 r--s 0000a000 08:02 1582618                    /home/duc-dev-04/netbeans-8.2/java/maven/boot/plexus-classworlds-2.4.jar
7f7504519000-7f7504521000 rw-s 00000000 08:02 1342105                    /tmp/hsperfdata_duc-dev-04/18730
7f7504521000-7f7504522000 rw-p 00000000 00:00 0 
7f7504522000-7f7504523000 ---p 00000000 00:00 0 
7f7504523000-7f7504525000 rw-p 00000000 00:00 0 
7f7504525000-7f7504526000 r--p 00022000 08:02 1190863                    /lib/x86_64-linux-gnu/ld-2.19.so
7f7504526000-7f7504527000 rw-p 00023000 08:02 1190863                    /lib/x86_64-linux-gnu/ld-2.19.so
7f7504527000-7f7504528000 rw-p 00000000 00:00 0 
7ffe2c573000-7ffe2c594000 rw-p 00000000 00:00 0                          [stack]
7ffe2c595000-7ffe2c597000 r--p 00000000 00:00 0                          [vvar]
7ffe2c597000-7ffe2c599000 r-xp 00000000 00:00 0                          [vdso]
ffffffffff600000-ffffffffff601000 r-xp 00000000 00:00 0                  [vsyscall]

VM Arguments:
jvm_args: -Dclassworlds.conf=/home/duc-dev-04/netbeans-8.2/java/maven/bin/m2.conf -Dmaven.home=/home/duc-dev-04/netbeans-8.2/java/maven 
java_command: org.codehaus.plexus.classworlds.launcher.Launcher -Dmaven.ext.class.path=/home/duc-dev-04/netbeans-8.2/java/maven-nblib/netbeans-eventspy.jar clean install
java_class_path (initial): /home/duc-dev-04/netbeans-8.2/java/maven/boot/plexus-classworlds-2.4.jar
Launcher Type: SUN_STANDARD

Environment Variables:
JAVA_HOME=/opt/jdk1.8.0_111
PATH=/usr/local/sbin:/usr/local/bin:/usr/sbin:/usr/bin:/sbin:/bin:/usr/games:/usr/local/games
LD_LIBRARY_PATH=/opt/jdk1.8.0_111/jre/lib/amd64:/opt/jdk1.8.0_111/jre/lib/i386:
SHELL=/bin/bash
DISPLAY=:0

Signal Handlers:
SIGSEGV: [libjvm.so+0xac64b0], sa_mask[0]=11111111011111111101111111111110, sa_flags=SA_RESTART|SA_SIGINFO
SIGBUS: [libjvm.so+0xac64b0], sa_mask[0]=11111111011111111101111111111110, sa_flags=SA_RESTART|SA_SIGINFO
SIGFPE: [libjvm.so+0x91f950], sa_mask[0]=11111111011111111101111111111110, sa_flags=SA_RESTART|SA_SIGINFO
SIGPIPE: [libjvm.so+0x91f950], sa_mask[0]=11111111011111111101111111111110, sa_flags=SA_RESTART|SA_SIGINFO
SIGXFSZ: [libjvm.so+0x91f950], sa_mask[0]=11111111011111111101111111111110, sa_flags=SA_RESTART|SA_SIGINFO
SIGILL: [libjvm.so+0x91f950], sa_mask[0]=11111111011111111101111111111110, sa_flags=SA_RESTART|SA_SIGINFO
SIGUSR1: SIG_DFL, sa_mask[0]=00000000000000000000000000000000, sa_flags=none
SIGUSR2: [libjvm.so+0x920f80], sa_mask[0]=00100000000000000000000000000000, sa_flags=SA_RESTART|SA_SIGINFO
SIGHUP: [libjvm.so+0x922380], sa_mask[0]=11111111011111111101111111111110, sa_flags=SA_RESTART|SA_SIGINFO
SIGINT: SIG_IGN, sa_mask[0]=00000000000000000000000000000000, sa_flags=none
SIGTERM: [libjvm.so+0x922380], sa_mask[0]=11111111011111111101111111111110, sa_flags=SA_RESTART|SA_SIGINFO
SIGQUIT: [libjvm.so+0x922380], sa_mask[0]=11111111011111111101111111111110, sa_flags=SA_RESTART|SA_SIGINFO


---------------  S Y S T E M  ---------------

OS:DISTRIB_ID=Ubuntu
DISTRIB_RELEASE=14.04
DISTRIB_CODENAME=trusty
DISTRIB_DESCRIPTION="Ubuntu 14.04.5 LTS"

uname:Linux 4.4.0-66-generic #87~14.04.1-Ubuntu SMP Fri Mar 3 17:32:36 UTC 2017 x86_64
libc:glibc 2.19 NPTL 2.19 
rlimit: STACK 8192k, CORE 0k, NPROC 31357, NOFILE 4096, AS infinity
load average:1.93 1.30 0.79

/proc/meminfo:
MemTotal:        8052852 kB
MemFree:          123840 kB
MemAvailable:      51672 kB
Buffers:            5444 kB
Cached:           330916 kB
SwapCached:        19336 kB
Active:          6412332 kB
Inactive:        1303828 kB
Active(anon):    6375984 kB
Inactive(anon):  1271104 kB
Active(file):      36348 kB
Inactive(file):    32724 kB
Unevictable:          96 kB
Mlocked:              96 kB
SwapTotal:       1998844 kB
SwapFree:              4 kB
Dirty:                36 kB
Writeback:             0 kB
AnonPages:       7360736 kB
Mapped:           172812 kB
Shmem:            266924 kB
Slab:              96676 kB
SReclaimable:      57272 kB
SUnreclaim:        39404 kB
KernelStack:       15408 kB
PageTables:        51728 kB
NFS_Unstable:          0 kB
Bounce:                0 kB
WritebackTmp:          0 kB
CommitLimit:     6025268 kB
Committed_AS:   12060896 kB
VmallocTotal:   34359738367 kB
VmallocUsed:           0 kB
VmallocChunk:          0 kB
HardwareCorrupted:     0 kB
AnonHugePages:   3399680 kB
CmaTotal:              0 kB
CmaFree:               0 kB
HugePages_Total:       0
HugePages_Free:        0
HugePages_Rsvd:        0
HugePages_Surp:        0
Hugepagesize:       2048 kB
DirectMap4k:      137828 kB
DirectMap2M:     8130560 kB


CPU:total 4 (2 cores per cpu, 2 threads per core) family 6 model 42 stepping 7, cmov, cx8, fxsr, mmx, sse, sse2, sse3, ssse3, sse4.1, sse4.2, popcnt, avx, aes, clmul, ht, tsc, tscinvbit

/proc/cpuinfo:
processor	: 0
vendor_id	: GenuineIntel
cpu family	: 6
model		: 42
model name	: Intel(R) Core(TM) i5-2520M CPU @ 2.50GHz
stepping	: 7
microcode	: 0x23
cpu MHz		: 1294.335
cache size	: 3072 KB
physical id	: 0
siblings	: 4
core id		: 0
cpu cores	: 2
apicid		: 0
initial apicid	: 0
fpu		: yes
fpu_exception	: yes
cpuid level	: 13
wp		: yes
flags		: fpu vme de pse tsc msr pae mce cx8 apic sep mtrr pge mca cmov pat pse36 clflush dts acpi mmx fxsr sse sse2 ss ht tm pbe syscall nx rdtscp lm constant_tsc arch_perfmon pebs bts rep_good nopl xtopology nonstop_tsc aperfmperf eagerfpu pni pclmulqdq dtes64 monitor ds_cpl vmx smx est tm2 ssse3 cx16 xtpr pdcm pcid sse4_1 sse4_2 x2apic popcnt tsc_deadline_timer aes xsave avx lahf_lm epb tpr_shadow vnmi flexpriority ept vpid xsaveopt dtherm ida arat pln pts
bugs		:
bogomips	: 4988.60
clflush size	: 64
cache_alignment	: 64
address sizes	: 36 bits physical, 48 bits virtual
power management:

processor	: 1
vendor_id	: GenuineIntel
cpu family	: 6
model		: 42
model name	: Intel(R) Core(TM) i5-2520M CPU @ 2.50GHz
stepping	: 7
microcode	: 0x23
cpu MHz		: 968.945
cache size	: 3072 KB
physical id	: 0
siblings	: 4
core id		: 1
cpu cores	: 2
apicid		: 2
initial apicid	: 2
fpu		: yes
fpu_exception	: yes
cpuid level	: 13
wp		: yes
flags		: fpu vme de pse tsc msr pae mce cx8 apic sep mtrr pge mca cmov pat pse36 clflush dts acpi mmx fxsr sse sse2 ss ht tm pbe syscall nx rdtscp lm constant_tsc arch_perfmon pebs bts rep_good nopl xtopology nonstop_tsc aperfmperf eagerfpu pni pclmulqdq dtes64 monitor ds_cpl vmx smx est tm2 ssse3 cx16 xtpr pdcm pcid sse4_1 sse4_2 x2apic popcnt tsc_deadline_timer aes xsave avx lahf_lm epb tpr_shadow vnmi flexpriority ept vpid xsaveopt dtherm ida arat pln pts
bugs		:
bogomips	: 4988.60
clflush size	: 64
cache_alignment	: 64
address sizes	: 36 bits physical, 48 bits virtual
power management:

processor	: 2
vendor_id	: GenuineIntel
cpu family	: 6
model		: 42
model name	: Intel(R) Core(TM) i5-2520M CPU @ 2.50GHz
stepping	: 7
microcode	: 0x23
cpu MHz		: 1413.281
cache size	: 3072 KB
physical id	: 0
siblings	: 4
core id		: 0
cpu cores	: 2
apicid		: 1
initial apicid	: 1
fpu		: yes
fpu_exception	: yes
cpuid level	: 13
wp		: yes
flags		: fpu vme de pse tsc msr pae mce cx8 apic sep mtrr pge mca cmov pat pse36 clflush dts acpi mmx fxsr sse sse2 ss ht tm pbe syscall nx rdtscp lm constant_tsc arch_perfmon pebs bts rep_good nopl xtopology nonstop_tsc aperfmperf eagerfpu pni pclmulqdq dtes64 monitor ds_cpl vmx smx est tm2 ssse3 cx16 xtpr pdcm pcid sse4_1 sse4_2 x2apic popcnt tsc_deadline_timer aes xsave avx lahf_lm epb tpr_shadow vnmi flexpriority ept vpid xsaveopt dtherm ida arat pln pts
bugs		:
bogomips	: 4988.60
clflush size	: 64
cache_alignment	: 64
address sizes	: 36 bits physical, 48 bits virtual
power management:

processor	: 3
vendor_id	: GenuineIntel
cpu family	: 6
model		: 42
model name	: Intel(R) Core(TM) i5-2520M CPU @ 2.50GHz
stepping	: 7
microcode	: 0x23
cpu MHz		: 1526.757
cache size	: 3072 KB
physical id	: 0
siblings	: 4
core id		: 1
cpu cores	: 2
apicid		: 3
initial apicid	: 3
fpu		: yes
fpu_exception	: yes
cpuid level	: 13
wp		: yes
flags		: fpu vme de pse tsc msr pae mce cx8 apic sep mtrr pge mca cmov pat pse36 clflush dts acpi mmx fxsr sse sse2 ss ht tm pbe syscall nx rdtscp lm constant_tsc arch_perfmon pebs bts rep_good nopl xtopology nonstop_tsc aperfmperf eagerfpu pni pclmulqdq dtes64 monitor ds_cpl vmx smx est tm2 ssse3 cx16 xtpr pdcm pcid sse4_1 sse4_2 x2apic popcnt tsc_deadline_timer aes xsave avx lahf_lm epb tpr_shadow vnmi flexpriority ept vpid xsaveopt dtherm ida arat pln pts
bugs		:
bogomips	: 4988.60
clflush size	: 64
cache_alignment	: 64
address sizes	: 36 bits physical, 48 bits virtual
power management:



Memory: 4k page, physical 8052852k(123840k free), swap 1998844k(4k free)

vm_info: Java HotSpot(TM) 64-Bit Server VM (25.111-b14) for linux-amd64 JRE (1.8.0_111-b14), built on Sep 22 2016 16:14:03 by "java_re" with gcc 4.3.0 20080428 (Red Hat 4.3.0-8)

time: Fri May 12 17:31:04 2017
elapsed time: 29 seconds (0d 0h 0m 29s)

